<?xml version="1.0" encoding="UTF-8"?>
<!-- Generated by org.testng.reporters.JUnitXMLReporter -->
<testsuite ignored="0" hostname="LAPTOP-VGU9GHQP" failures="0" tests="4" name="Default test" time="5.966" errors="0" timestamp="25 Apr 2020 21:31:54 GMT">
  <testcase classname="com.hs.test.CRUDPETS" name="taskTestPOST" time="3.301"/>
  <testcase classname="com.hs.test.CRUDPETS" name="taskTestUpdate" time="0.808"/>
  <testcase classname="com.hs.test.CRUDPETS" name="taskTest" time="0.71"/>
  <testcase classname="com.hs.test.CRUDPETS" name="taskTestDelete" time="0.706"/>
</testsuite> <!-- Default test -->
