<?xml version="1.0" encoding="UTF-8"?>
<testng-results ignored="0" total="4" passed="4" failed="0" skipped="0">
  <reporter-output>
  </reporter-output>
  <suite started-at="2020-04-25T21:31:48Z" name="Default suite" finished-at="2020-04-25T21:31:54Z" duration-ms="5966">
    <groups>
    </groups>
    <test started-at="2020-04-25T21:31:48Z" name="Default test" finished-at="2020-04-25T21:31:54Z" duration-ms="5966">
      <class name="com.hs.test.CRUDPETS">
        <test-method is-config="true" signature="setup()[pri:0, instance:com.hs.test.CRUDPETS@4c15e7fd]" started-at="2020-04-25T21:31:48Z" name="setup" finished-at="2020-04-25T21:31:49Z" duration-ms="401" status="PASS">
          <reporter-output>
          </reporter-output>
        </test-method> <!-- setup -->
        <test-method signature="taskTestPOST(org.testng.ITestContext)[pri:0, instance:com.hs.test.CRUDPETS@4c15e7fd]" started-at="2020-04-25T21:31:49Z" name="taskTestPOST" finished-at="2020-04-25T21:31:52Z" duration-ms="3301" status="PASS">
          <params>
            <param index="0">
              <value>
                <![CDATA[org.testng.TestRunner@24111ef1]]>
              </value>
            </param>
          </params>
          <reporter-output>
          </reporter-output>
        </test-method> <!-- taskTestPOST -->
        <test-method is-config="true" signature="clean()[pri:0, instance:com.hs.test.CRUDPETS@4c15e7fd]" started-at="2020-04-25T21:31:52Z" name="clean" finished-at="2020-04-25T21:31:52Z" duration-ms="0" status="PASS">
          <reporter-output>
          </reporter-output>
        </test-method> <!-- clean -->
        <test-method is-config="true" signature="setup()[pri:0, instance:com.hs.test.CRUDPETS@4c15e7fd]" started-at="2020-04-25T21:31:52Z" name="setup" finished-at="2020-04-25T21:31:52Z" duration-ms="1" status="PASS">
          <reporter-output>
          </reporter-output>
        </test-method> <!-- setup -->
        <test-method signature="taskTestUpdate(org.testng.ITestContext)[pri:0, instance:com.hs.test.CRUDPETS@4c15e7fd]" started-at="2020-04-25T21:31:52Z" name="taskTestUpdate" finished-at="2020-04-25T21:31:53Z" depends-on-methods="com.hs.test.CRUDPETS.taskTestPOST" duration-ms="808" status="PASS">
          <params>
            <param index="0">
              <value>
                <![CDATA[org.testng.TestRunner@24111ef1]]>
              </value>
            </param>
          </params>
          <reporter-output>
          </reporter-output>
        </test-method> <!-- taskTestUpdate -->
        <test-method is-config="true" signature="clean()[pri:0, instance:com.hs.test.CRUDPETS@4c15e7fd]" started-at="2020-04-25T21:31:53Z" name="clean" finished-at="2020-04-25T21:31:53Z" duration-ms="1" status="PASS">
          <reporter-output>
          </reporter-output>
        </test-method> <!-- clean -->
        <test-method is-config="true" signature="setup()[pri:0, instance:com.hs.test.CRUDPETS@4c15e7fd]" started-at="2020-04-25T21:31:53Z" name="setup" finished-at="2020-04-25T21:31:53Z" duration-ms="1" status="PASS">
          <reporter-output>
          </reporter-output>
        </test-method> <!-- setup -->
        <test-method signature="taskTest(org.testng.ITestContext)[pri:0, instance:com.hs.test.CRUDPETS@4c15e7fd]" started-at="2020-04-25T21:31:53Z" name="taskTest" finished-at="2020-04-25T21:31:53Z" depends-on-methods="com.hs.test.CRUDPETS.taskTestUpdate" duration-ms="710" status="PASS">
          <params>
            <param index="0">
              <value>
                <![CDATA[org.testng.TestRunner@24111ef1]]>
              </value>
            </param>
          </params>
          <reporter-output>
          </reporter-output>
        </test-method> <!-- taskTest -->
        <test-method is-config="true" signature="clean()[pri:0, instance:com.hs.test.CRUDPETS@4c15e7fd]" started-at="2020-04-25T21:31:53Z" name="clean" finished-at="2020-04-25T21:31:53Z" duration-ms="1" status="PASS">
          <reporter-output>
          </reporter-output>
        </test-method> <!-- clean -->
        <test-method is-config="true" signature="setup()[pri:0, instance:com.hs.test.CRUDPETS@4c15e7fd]" started-at="2020-04-25T21:31:53Z" name="setup" finished-at="2020-04-25T21:31:53Z" duration-ms="1" status="PASS">
          <reporter-output>
          </reporter-output>
        </test-method> <!-- setup -->
        <test-method signature="taskTestDelete(org.testng.ITestContext)[pri:0, instance:com.hs.test.CRUDPETS@4c15e7fd]" started-at="2020-04-25T21:31:53Z" name="taskTestDelete" finished-at="2020-04-25T21:31:54Z" depends-on-methods="com.hs.test.CRUDPETS.taskTestUpdate" duration-ms="706" status="PASS">
          <params>
            <param index="0">
              <value>
                <![CDATA[org.testng.TestRunner@24111ef1]]>
              </value>
            </param>
          </params>
          <reporter-output>
          </reporter-output>
        </test-method> <!-- taskTestDelete -->
        <test-method is-config="true" signature="clean()[pri:0, instance:com.hs.test.CRUDPETS@4c15e7fd]" started-at="2020-04-25T21:31:54Z" name="clean" finished-at="2020-04-25T21:31:54Z" duration-ms="1" status="PASS">
          <reporter-output>
          </reporter-output>
        </test-method> <!-- clean -->
      </class> <!-- com.hs.test.CRUDPETS -->
    </test> <!-- Default test -->
  </suite> <!-- Default suite -->
</testng-results>
